<?xml version="1.0" encoding="UTF-8"?>
<!-- Generated by org.testng.reporters.JUnitReportReporter -->
<testsuite skipped="0" hostname="LAPTOP-SG82FFS3" name="com.imooc.selenium.testCase.testNGcase" tests="2" failures="0" timestamp="19 九月 2018 13:04:04 GMT" time="0.008" errors="0">
  <testcase name="test0001" time="0.004" classname="com.imooc.selenium.testCase.testNGcase"/>
  <testcase name="test0002" time="0.004" classname="com.imooc.selenium.testCase.testNGcase"/>
</testsuite> <!-- com.imooc.selenium.testCase.testNGcase -->
