<?xml version="1.0" encoding="UTF-8"?>
<!-- Generated by org.testng.reporters.JUnitReportReporter -->
<testsuite skipped="0" hostname="LAPTOP-SG82FFS3" name="com.imooc.selenium.ActionSelenium" tests="4" failures="0" timestamp="29 八月 2018 14:19:42 GMT" time="34.470" errors="0">
  <testcase name="takeScreenShot" time="0.673" classname="com.imooc.selenium.ActionSelenium"/>
  <testcase name="RadioBox" time="17.460" classname="com.imooc.selenium.ActionSelenium"/>
  <testcase name="Initial" time="6.591" classname="com.imooc.selenium.ActionSelenium"/>
  <testcase name="InputBox" time="9.746" classname="com.imooc.selenium.ActionSelenium"/>
</testsuite> <!-- com.imooc.selenium.ActionSelenium -->
